<?xml version="1.0" encoding="UTF-8"?>
<coverage generated="1661121505">
  <project timestamp="1661121505">
    <file name="C:\xampp\htdocs\php-i18n-translate\src\Formatter.php">
      <class name="I18nTranslate\Formatter" namespace="global">
        <metrics complexity="26" methods="7" coveredmethods="7" conditionals="0" coveredconditionals="0" statements="57" coveredstatements="57" elements="64" coveredelements="64"/>
      </class>
      <line num="19" type="method" name="__construct" visibility="public" complexity="1" crap="1" count="18"/>
      <line num="21" type="stmt" count="18"/>
      <line num="22" type="stmt" count="18"/>
      <line num="23" type="stmt" count="18"/>
      <line num="24" type="stmt" count="18"/>
      <line num="25" type="stmt" count="18"/>
      <line num="27" type="method" name="formatWithIntl" visibility="private" complexity="9" crap="9" count="12"/>
      <line num="29" type="stmt" count="12"/>
      <line num="30" type="stmt" count="12"/>
      <line num="31" type="stmt" count="4"/>
      <line num="32" type="stmt" count="4"/>
      <line num="33" type="stmt" count="9"/>
      <line num="34" type="stmt" count="3"/>
      <line num="35" type="stmt" count="3"/>
      <line num="36" type="stmt" count="3"/>
      <line num="37" type="stmt" count="3"/>
      <line num="39" type="stmt" count="7"/>
      <line num="40" type="stmt" count="6"/>
      <line num="41" type="stmt" count="4"/>
      <line num="42" type="stmt" count="4"/>
      <line num="44" type="stmt" count="4"/>
      <line num="45" type="stmt" count="4"/>
      <line num="47" type="stmt" count="4"/>
      <line num="48" type="stmt" count="3"/>
      <line num="49" type="stmt" count="4"/>
      <line num="50" type="stmt" count="4"/>
      <line num="52" type="stmt" count="4"/>
      <line num="53" type="stmt" count="4"/>
      <line num="59" type="method" name="formatFallback" visibility="private" complexity="9" crap="9" count="1"/>
      <line num="61" type="stmt" count="1"/>
      <line num="62" type="stmt" count="1"/>
      <line num="63" type="stmt" count="1"/>
      <line num="64" type="stmt" count="1"/>
      <line num="65" type="stmt" count="1"/>
      <line num="66" type="stmt" count="1"/>
      <line num="67" type="stmt" count="1"/>
      <line num="68" type="stmt" count="1"/>
      <line num="69" type="stmt" count="1"/>
      <line num="70" type="stmt" count="1"/>
      <line num="71" type="stmt" count="1"/>
      <line num="72" type="stmt" count="1"/>
      <line num="73" type="stmt" count="1"/>
      <line num="74" type="stmt" count="1"/>
      <line num="76" type="stmt" count="1"/>
      <line num="82" type="method" name="format" visibility="public" complexity="2" crap="2" count="13"/>
      <line num="84" type="stmt" count="13"/>
      <line num="86" type="method" name="initFormatter" visibility="private" complexity="2" crap="2" count="7"/>
      <line num="88" type="stmt" count="7"/>
      <line num="89" type="stmt" count="5"/>
      <line num="91" type="stmt" count="7"/>
      <line num="93" type="method" name="getClientTimezone" visibility="private" complexity="2" crap="2" count="5"/>
      <line num="95" type="stmt" count="5"/>
      <line num="96" type="stmt" count="2"/>
      <line num="98" type="stmt" count="4"/>
      <line num="99" type="stmt" count="4"/>
      <line num="101" type="method" name="getDefaults" visibility="private" complexity="1" crap="1" count="8"/>
      <line num="103" type="stmt" count="8"/>
      <line num="104" type="stmt" count="8"/>
      <line num="105" type="stmt" count="8"/>
      <line num="106" type="stmt" count="7"/>
      <line num="108" type="stmt" count="8"/>
      <line num="109" type="stmt" count="8"/>
      <line num="110" type="stmt" count="7"/>
      <line num="112" type="stmt" count="8"/>
      <metrics loc="114" ncloc="114" classes="1" methods="7" coveredmethods="7" conditionals="0" coveredconditionals="0" statements="57" coveredstatements="57" elements="64" coveredelements="64"/>
    </file>
    <file name="C:\xampp\htdocs\php-i18n-translate\src\Translate.php">
      <class name="I18nTranslate\Translate" namespace="global">
        <metrics complexity="28" methods="13" coveredmethods="13" conditionals="0" coveredconditionals="0" statements="95" coveredstatements="95" elements="108" coveredelements="108"/>
      </class>
      <line num="18" type="method" name="__construct" visibility="public" complexity="3" crap="3" count="11"/>
      <line num="20" type="stmt" count="11"/>
      <line num="21" type="stmt" count="8"/>
      <line num="24" type="stmt" count="11"/>
      <line num="25" type="stmt" count="11"/>
      <line num="26" type="stmt" count="11"/>
      <line num="27" type="stmt" count="11"/>
      <line num="28" type="stmt" count="11"/>
      <line num="29" type="stmt" count="11"/>
      <line num="35" type="method" name="getLocale" visibility="public" complexity="1" crap="1" count="1"/>
      <line num="37" type="stmt" count="1"/>
      <line num="39" type="method" name="setContextData" visibility="public" complexity="1" crap="1" count="1"/>
      <line num="41" type="stmt" count="1"/>
      <line num="43" type="method" name="setDebug" visibility="public" complexity="1" crap="1" count="1"/>
      <line num="45" type="stmt" count="1"/>
      <line num="47" type="method" name="applyDateTimeFormat" visibility="private" complexity="2" crap="2" count="3"/>
      <line num="49" type="stmt" count="3"/>
      <line num="51" type="stmt" count="3"/>
      <line num="52" type="stmt" count="3"/>
      <line num="54" type="stmt" count="3"/>
      <line num="55" type="stmt" count="1"/>
      <line num="57" type="stmt" count="3"/>
      <line num="59" type="stmt" count="3"/>
      <line num="61" type="method" name="identifyDateTime" visibility="private" complexity="1" crap="1" count="4"/>
      <line num="64" type="stmt" count="4"/>
      <line num="65" type="stmt" count="2"/>
      <line num="66" type="stmt" count="4"/>
      <line num="71" type="method" name="attributes" visibility="private" complexity="2" crap="2" count="11"/>
      <line num="73" type="stmt" count="11"/>
      <line num="74" type="stmt" count="1"/>
      <line num="75" type="stmt" count="1"/>
      <line num="76" type="stmt" count="1"/>
      <line num="77" type="stmt" count="1"/>
      <line num="78" type="stmt" count="1"/>
      <line num="80" type="stmt" count="11"/>
      <line num="81" type="stmt" count="1"/>
      <line num="83" type="stmt" count="11"/>
      <line num="84" type="stmt" count="1"/>
      <line num="86" type="stmt" count="11"/>
      <line num="87" type="stmt" count="1"/>
      <line num="89" type="stmt" count="11"/>
      <line num="90" type="stmt" count="1"/>
      <line num="92" type="stmt" count="11"/>
      <line num="93" type="stmt" count="1"/>
      <line num="97" type="method" name="functions" visibility="private" complexity="2" crap="2" count="11"/>
      <line num="100" type="stmt" count="11"/>
      <line num="101" type="stmt" count="1"/>
      <line num="103" type="stmt" count="11"/>
      <line num="104" type="stmt" count="1"/>
      <line num="105" type="stmt" count="1"/>
      <line num="106" type="stmt" count="1"/>
      <line num="108" type="stmt" count="11"/>
      <line num="109" type="stmt" count="2"/>
      <line num="110" type="stmt" count="2"/>
      <line num="111" type="stmt" count="2"/>
      <line num="113" type="stmt" count="11"/>
      <line num="114" type="stmt" count="11"/>
      <line num="115" type="stmt" count="1"/>
      <line num="116" type="stmt" count="1"/>
      <line num="117" type="stmt" count="1"/>
      <line num="118" type="stmt" count="1"/>
      <line num="122" type="stmt" count="11"/>
      <line num="123" type="stmt" count="1"/>
      <line num="124" type="stmt" count="1"/>
      <line num="128" type="method" name="setTranslations" visibility="public" complexity="3" crap="3" count="10"/>
      <line num="130" type="stmt" count="10"/>
      <line num="131" type="stmt" count="10"/>
      <line num="132" type="stmt" count="10"/>
      <line num="133" type="stmt" count="10"/>
      <line num="134" type="stmt" count="10"/>
      <line num="138" type="stmt" count="10"/>
      <line num="141" type="method" name="translate" visibility="public" complexity="3" crap="3" count="2"/>
      <line num="143" type="stmt" count="2"/>
      <line num="144" type="stmt" count="2"/>
      <line num="145" type="stmt" count="2"/>
      <line num="146" type="stmt" count="2"/>
      <line num="147" type="stmt" count="2"/>
      <line num="148" type="stmt" count="1"/>
      <line num="150" type="stmt" count="2"/>
      <line num="152" type="stmt" count="2"/>
      <line num="154" type="stmt" count="2"/>
      <line num="155" type="stmt" count="2"/>
      <line num="158" type="method" name="t" visibility="public" complexity="3" crap="3" count="3"/>
      <line num="160" type="stmt" count="3"/>
      <line num="161" type="stmt" count="3"/>
      <line num="162" type="stmt" count="3"/>
      <line num="166" type="method" name="getTranslation" visibility="private" complexity="3" crap="3" count="3"/>
      <line num="168" type="stmt" count="3"/>
      <line num="169" type="stmt" count="2"/>
      <line num="170" type="stmt" count="1"/>
      <line num="171" type="stmt" count="1"/>
      <line num="173" type="stmt" count="1"/>
      <line num="175" type="method" name="arithmeticInterpretation" visibility="private" complexity="3" crap="3" count="2"/>
      <line num="177" type="stmt" count="2"/>
      <line num="178" type="stmt" count="2"/>
      <line num="179" type="stmt" count="2"/>
      <line num="180" type="stmt" count="2"/>
      <line num="181" type="stmt" count="2"/>
      <line num="182" type="stmt" count="2"/>
      <line num="183" type="stmt" count="2"/>
      <line num="184" type="stmt" count="2"/>
      <line num="185" type="stmt" count="1"/>
      <line num="186" type="stmt" count="1"/>
      <line num="187" type="stmt" count="1"/>
      <line num="188" type="stmt" count="1"/>
      <line num="189" type="stmt" count="1"/>
      <line num="192" type="stmt" count="1"/>
      <line num="195" type="stmt" count="2"/>
      <metrics loc="197" ncloc="191" classes="1" methods="13" coveredmethods="13" conditionals="0" coveredconditionals="0" statements="95" coveredstatements="95" elements="108" coveredelements="108"/>
    </file>
    <file name="C:\xampp\htdocs\php-i18n-translate\src\currencies.php">
      <line num="3" type="stmt" count="18"/>
      <metrics loc="255" ncloc="255" classes="0" methods="0" coveredmethods="0" conditionals="0" coveredconditionals="0" statements="1" coveredstatements="1" elements="1" coveredelements="1"/>
    </file>
    <metrics files="3" loc="566" ncloc="560" classes="2" methods="20" coveredmethods="20" conditionals="0" coveredconditionals="0" statements="153" coveredstatements="153" elements="173" coveredelements="173"/>
  </project>
</coverage>
